{"D:\\Development\\Events\\GDG\\Dev_Fest\\Charla\\ci-cd-example\\src\\App.tsx": {"path":"D:\\Development\\Events\\GDG\\Dev_Fest\\Charla\\ci-cd-example\\src\\App.tsx","statementMap":{"0":{"start":{"line":11,"column":40},"end":{"line":11,"column":60}},"1":{"start":{"line":12,"column":21},"end":{"line":12,"column":51}},"2":{"start":{"line":13,"column":19},"end":{"line":13,"column":32}},"3":{"start":{"line":15,"column":42},"end":{"line":18,"column":4}},"4":{"start":{"line":16,"column":22},"end":{"line":16,"column":53}},"5":{"start":{"line":17,"column":4},"end":{"line":17,"column":50}},"6":{"start":{"line":20,"column":32},"end":{"line":20,"column":62}},"7":{"start":{"line":21,"column":32},"end":{"line":21,"column":56}},"8":{"start":{"line":22,"column":28},"end":{"line":22,"column":57}},"9":{"start":{"line":24,"column":2},"end":{"line":26,"column":21}},"10":{"start":{"line":25,"column":4},"end":{"line":25,"column":66}},"11":{"start":{"line":28,"column":24},"end":{"line":37,"column":3}},"12":{"start":{"line":29,"column":4},"end":{"line":29,"column":27}},"13":{"start":{"line":31,"column":4},"end":{"line":31,"column":25}},"14":{"start":{"line":33,"column":4},"end":{"line":33,"column":23}},"15":{"start":{"line":34,"column":4},"end":{"line":34,"column":19}},"16":{"start":{"line":35,"column":4},"end":{"line":35,"column":17}},"17":{"start":{"line":36,"column":4},"end":{"line":36,"column":18}},"18":{"start":{"line":39,"column":18},"end":{"line":59,"column":3}},"19":{"start":{"line":40,"column":4},"end":{"line":58,"column":5}},"20":{"start":{"line":41,"column":6},"end":{"line":41,"column":23}},"21":{"start":{"line":42,"column":18},"end":{"line":42,"column":103}},"22":{"start":{"line":44,"column":6},"end":{"line":46,"column":7}},"23":{"start":{"line":45,"column":8},"end":{"line":45,"column":73}},"24":{"start":{"line":48,"column":19},"end":{"line":48,"column":35}},"25":{"start":{"line":50,"column":6},"end":{"line":52,"column":7}},"26":{"start":{"line":51,"column":8},"end":{"line":51,"column":44}},"27":{"start":{"line":54,"column":6},"end":{"line":54,"column":38}},"28":{"start":{"line":55,"column":6},"end":{"line":55,"column":24}},"29":{"start":{"line":57,"column":6},"end":{"line":57,"column":28}},"30":{"start":{"line":61,"column":27},"end":{"line":70,"column":3}},"31":{"start":{"line":62,"column":4},"end":{"line":67,"column":9}},"32":{"start":{"line":63,"column":21},"end":{"line":63,"column":31}},"33":{"start":{"line":65,"column":39},"end":{"line":65,"column":55}},"34":{"start":{"line":66,"column":8},"end":{"line":66,"column":31}},"35":{"start":{"line":69,"column":4},"end":{"line":69,"column":28}},"36":{"start":{"line":72,"column":25},"end":{"line":82,"column":3}},"37":{"start":{"line":73,"column":22},"end":{"line":73,"column":93}},"38":{"start":{"line":74,"column":24},"end":{"line":74,"column":69}},"39":{"start":{"line":74,"column":49},"end":{"line":74,"column":68}},"40":{"start":{"line":76,"column":4},"end":{"line":81,"column":5}},"41":{"start":{"line":77,"column":6},"end":{"line":77,"column":47}},"42":{"start":{"line":79,"column":27},"end":{"line":79,"column":74}},"43":{"start":{"line":79,"column":54},"end":{"line":79,"column":73}},"44":{"start":{"line":80,"column":6},"end":{"line":80,"column":36}},"45":{"start":{"line":84,"column":2},"end":{"line":116,"column":4}}},"fnMap":{"0":{"name":"App","decl":{"start":{"line":10,"column":9},"end":{"line":10,"column":12}},"loc":{"start":{"line":10,"column":15},"end":{"line":117,"column":1}},"line":10},"1":{"name":"(anonymous_1)","decl":{"start":{"line":15,"column":69},"end":{"line":15,"column":70}},"loc":{"start":{"line":15,"column":75},"end":{"line":18,"column":3}},"line":15},"2":{"name":"(anonymous_2)","decl":{"start":{"line":24,"column":12},"end":{"line":24,"column":13}},"loc":{"start":{"line":24,"column":18},"end":{"line":26,"column":3}},"line":24},"3":{"name":"(anonymous_3)","decl":{"start":{"line":28,"column":24},"end":{"line":28,"column":25}},"loc":{"start":{"line":28,"column":69},"end":{"line":37,"column":3}},"line":28},"4":{"name":"(anonymous_4)","decl":{"start":{"line":39,"column":18},"end":{"line":39,"column":19}},"loc":{"start":{"line":39,"column":49},"end":{"line":59,"column":3}},"line":39},"5":{"name":"(anonymous_5)","decl":{"start":{"line":61,"column":27},"end":{"line":61,"column":28}},"loc":{"start":{"line":61,"column":43},"end":{"line":70,"column":3}},"line":61},"6":{"name":"(anonymous_6)","decl":{"start":{"line":63,"column":12},"end":{"line":63,"column":13}},"loc":{"start":{"line":63,"column":21},"end":{"line":63,"column":31}},"line":63},"7":{"name":"(anonymous_7)","decl":{"start":{"line":64,"column":12},"end":{"line":64,"column":13}},"loc":{"start":{"line":64,"column":22},"end":{"line":67,"column":7}},"line":64},"8":{"name":"(anonymous_8)","decl":{"start":{"line":72,"column":25},"end":{"line":72,"column":26}},"loc":{"start":{"line":72,"column":51},"end":{"line":82,"column":3}},"line":72},"9":{"name":"(anonymous_9)","decl":{"start":{"line":74,"column":39},"end":{"line":74,"column":40}},"loc":{"start":{"line":74,"column":49},"end":{"line":74,"column":68}},"line":74},"10":{"name":"(anonymous_10)","decl":{"start":{"line":79,"column":44},"end":{"line":79,"column":45}},"loc":{"start":{"line":79,"column":54},"end":{"line":79,"column":73}},"line":79}},"branchMap":{"0":{"loc":{"start":{"line":17,"column":11},"end":{"line":17,"column":49}},"type":"cond-expr","locations":[{"start":{"line":17,"column":23},"end":{"line":17,"column":44}},{"start":{"line":17,"column":47},"end":{"line":17,"column":49}}],"line":17},"1":{"loc":{"start":{"line":44,"column":6},"end":{"line":46,"column":7}},"type":"if","locations":[{"start":{"line":44,"column":6},"end":{"line":46,"column":7}},{"start":{},"end":{}}],"line":44},"2":{"loc":{"start":{"line":50,"column":6},"end":{"line":52,"column":7}},"type":"if","locations":[{"start":{"line":50,"column":6},"end":{"line":52,"column":7}},{"start":{},"end":{}}],"line":50},"3":{"loc":{"start":{"line":73,"column":33},"end":{"line":73,"column":72}},"type":"binary-expr","locations":[{"start":{"line":73,"column":33},"end":{"line":73,"column":64}},{"start":{"line":73,"column":68},"end":{"line":73,"column":72}}],"line":73},"4":{"loc":{"start":{"line":76,"column":4},"end":{"line":81,"column":5}},"type":"if","locations":[{"start":{"line":76,"column":4},"end":{"line":81,"column":5}},{"start":{"line":78,"column":11},"end":{"line":81,"column":5}}],"line":76}},"s":{"0":0,"1":0,"2":0,"3":0,"4":0,"5":0,"6":0,"7":0,"8":0,"9":0,"10":0,"11":0,"12":0,"13":0,"14":0,"15":0,"16":0,"17":0,"18":0,"19":0,"20":0,"21":0,"22":0,"23":0,"24":0,"25":0,"26":0,"27":0,"28":0,"29":0,"30":0,"31":0,"32":0,"33":0,"34":0,"35":0,"36":0,"37":0,"38":0,"39":0,"40":0,"41":0,"42":0,"43":0,"44":0,"45":0},"f":{"0":0,"1":0,"2":0,"3":0,"4":0,"5":0,"6":0,"7":0,"8":0,"9":0,"10":0},"b":{"0":[0,0],"1":[0,0],"2":[0,0],"3":[0,0],"4":[0,0]}}
,"D:\\Development\\Events\\GDG\\Dev_Fest\\Charla\\ci-cd-example\\src\\setupTests.ts": {"path":"D:\\Development\\Events\\GDG\\Dev_Fest\\Charla\\ci-cd-example\\src\\setupTests.ts","statementMap":{},"fnMap":{},"branchMap":{},"s":{},"f":{},"b":{}}
,"D:\\Development\\Events\\GDG\\Dev_Fest\\Charla\\ci-cd-example\\src\\components\\molecules\\FryingPan.tsx": {"path":"D:\\Development\\Events\\GDG\\Dev_Fest\\Charla\\ci-cd-example\\src\\components\\molecules\\FryingPan.tsx","statementMap":{"0":{"start":{"line":3,"column":18},"end":{"line":22,"column":1}},"1":{"start":{"line":4,"column":2},"end":{"line":21,"column":4}}},"fnMap":{"0":{"name":"(anonymous_0)","decl":{"start":{"line":3,"column":18},"end":{"line":3,"column":19}},"loc":{"start":{"line":3,"column":24},"end":{"line":22,"column":1}},"line":3}},"branchMap":{},"s":{"0":0,"1":0},"f":{"0":0},"b":{}}
,"D:\\Development\\Events\\GDG\\Dev_Fest\\Charla\\ci-cd-example\\src\\components\\organisms\\Favorites.tsx": {"path":"D:\\Development\\Events\\GDG\\Dev_Fest\\Charla\\ci-cd-example\\src\\components\\organisms\\Favorites.tsx","statementMap":{"0":{"start":{"line":9,"column":45},"end":{"line":28,"column":1}},"1":{"start":{"line":10,"column":2},"end":{"line":27,"column":4}},"2":{"start":{"line":23,"column":10},"end":{"line":23,"column":56}}},"fnMap":{"0":{"name":"(anonymous_0)","decl":{"start":{"line":9,"column":45},"end":{"line":9,"column":46}},"loc":{"start":{"line":9,"column":67},"end":{"line":28,"column":1}},"line":9},"1":{"name":"(anonymous_1)","decl":{"start":{"line":22,"column":26},"end":{"line":22,"column":27}},"loc":{"start":{"line":23,"column":10},"end":{"line":23,"column":56}},"line":23}},"branchMap":{"0":{"loc":{"start":{"line":12,"column":7},"end":{"line":19,"column":7}},"type":"binary-expr","locations":[{"start":{"line":12,"column":7},"end":{"line":12,"column":32}},{"start":{"line":13,"column":8},"end":{"line":18,"column":14}}],"line":12}},"s":{"0":0,"1":0,"2":0},"f":{"0":0,"1":0},"b":{"0":[0,0]}}
,"D:\\Development\\Events\\GDG\\Dev_Fest\\Charla\\ci-cd-example\\src\\components\\organisms\\Footer.tsx": {"path":"D:\\Development\\Events\\GDG\\Dev_Fest\\Charla\\ci-cd-example\\src\\components\\organisms\\Footer.tsx","statementMap":{"0":{"start":{"line":4,"column":2},"end":{"line":13,"column":4}}},"fnMap":{"0":{"name":"Footer","decl":{"start":{"line":3,"column":9},"end":{"line":3,"column":15}},"loc":{"start":{"line":3,"column":18},"end":{"line":14,"column":1}},"line":3}},"branchMap":{},"s":{"0":0},"f":{"0":0},"b":{},"_coverageSchema":"1a1c01bbd47fc00a2c39e90264f33305004495a9","hash":"b89e035f9cd457037d1683ecb4eadaa2168f8413"}
,"D:\\Development\\Events\\GDG\\Dev_Fest\\Charla\\ci-cd-example\\src\\components\\organisms\\Navbar.tsx": {"path":"D:\\Development\\Events\\GDG\\Dev_Fest\\Charla\\ci-cd-example\\src\\components\\organisms\\Navbar.tsx","statementMap":{"0":{"start":{"line":13,"column":15},"end":{"line":74,"column":3}},"1":{"start":{"line":20,"column":22},"end":{"line":24,"column":5}},"2":{"start":{"line":21,"column":6},"end":{"line":23,"column":8}},"3":{"start":{"line":26,"column":4},"end":{"line":73,"column":6}},"4":{"start":{"line":40,"column":29},"end":{"line":40,"column":59}}},"fnMap":{"0":{"name":"(anonymous_0)","decl":{"start":{"line":13,"column":15},"end":{"line":13,"column":16}},"loc":{"start":{"line":19,"column":21},"end":{"line":74,"column":3}},"line":19},"1":{"name":"(anonymous_1)","decl":{"start":{"line":20,"column":22},"end":{"line":20,"column":23}},"loc":{"start":{"line":20,"column":63},"end":{"line":24,"column":5}},"line":20},"2":{"name":"(anonymous_2)","decl":{"start":{"line":40,"column":22},"end":{"line":40,"column":23}},"loc":{"start":{"line":40,"column":29},"end":{"line":40,"column":59}},"line":40}},"branchMap":{"0":{"loc":{"start":{"line":22,"column":15},"end":{"line":22,"column":47}},"type":"cond-expr","locations":[{"start":{"line":22,"column":26},"end":{"line":22,"column":35}},{"start":{"line":22,"column":38},"end":{"line":22,"column":47}}],"line":22}},"s":{"0":0,"1":0,"2":0,"3":0,"4":0},"f":{"0":0,"1":0,"2":0},"b":{"0":[0,0]}}
,"D:\\Development\\Events\\GDG\\Dev_Fest\\Charla\\ci-cd-example\\src\\components\\organisms\\RecipeCard.tsx": {"path":"D:\\Development\\Events\\GDG\\Dev_Fest\\Charla\\ci-cd-example\\src\\components\\organisms\\RecipeCard.tsx","statementMap":{"0":{"start":{"line":8,"column":46},"end":{"line":34,"column":1}},"1":{"start":{"line":9,"column":2},"end":{"line":33,"column":4}}},"fnMap":{"0":{"name":"(anonymous_0)","decl":{"start":{"line":8,"column":46},"end":{"line":8,"column":47}},"loc":{"start":{"line":8,"column":62},"end":{"line":34,"column":1}},"line":8}},"branchMap":{},"s":{"0":0,"1":0},"f":{"0":0},"b":{}}
,"D:\\Development\\Events\\GDG\\Dev_Fest\\Charla\\ci-cd-example\\src\\components\\organisms\\RecipePage.tsx": {"path":"D:\\Development\\Events\\GDG\\Dev_Fest\\Charla\\ci-cd-example\\src\\components\\organisms\\RecipePage.tsx","statementMap":{"0":{"start":{"line":13,"column":46},"end":{"line":110,"column":1}},"1":{"start":{"line":14,"column":52},"end":{"line":14,"column":82}},"2":{"start":{"line":15,"column":17},"end":{"line":15,"column":46}},"3":{"start":{"line":17,"column":27},"end":{"line":17,"column":68}},"4":{"start":{"line":19,"column":23},"end":{"line":32,"column":3}},"5":{"start":{"line":20,"column":4},"end":{"line":20,"column":26}},"6":{"start":{"line":20,"column":19},"end":{"line":20,"column":26}},"7":{"start":{"line":22,"column":4},"end":{"line":31,"column":5}},"8":{"start":{"line":23,"column":31},"end":{"line":23,"column":58}},"9":{"start":{"line":24,"column":19},"end":{"line":24,"column":44}},"10":{"start":{"line":25,"column":30},"end":{"line":25,"column":55}},"11":{"start":{"line":26,"column":22},"end":{"line":26,"column":51}},"12":{"start":{"line":28,"column":6},"end":{"line":28,"column":28}},"13":{"start":{"line":30,"column":6},"end":{"line":30,"column":28}},"14":{"start":{"line":34,"column":2},"end":{"line":38,"column":15}},"15":{"start":{"line":35,"column":4},"end":{"line":35,"column":24}},"16":{"start":{"line":35,"column":17},"end":{"line":35,"column":24}},"17":{"start":{"line":37,"column":4},"end":{"line":37,"column":77}},"18":{"start":{"line":37,"column":53},"end":{"line":37,"column":74}},"19":{"start":{"line":40,"column":2},"end":{"line":109,"column":4}},"20":{"start":{"line":68,"column":27},"end":{"line":68,"column":55}},"21":{"start":{"line":102,"column":14},"end":{"line":104,"column":19}}},"fnMap":{"0":{"name":"(anonymous_0)","decl":{"start":{"line":13,"column":46},"end":{"line":13,"column":47}},"loc":{"start":{"line":13,"column":86},"end":{"line":110,"column":1}},"line":13},"1":{"name":"(anonymous_1)","decl":{"start":{"line":19,"column":23},"end":{"line":19,"column":24}},"loc":{"start":{"line":19,"column":45},"end":{"line":32,"column":3}},"line":19},"2":{"name":"(anonymous_2)","decl":{"start":{"line":34,"column":12},"end":{"line":34,"column":13}},"loc":{"start":{"line":34,"column":18},"end":{"line":38,"column":3}},"line":34},"3":{"name":"(anonymous_3)","decl":{"start":{"line":37,"column":43},"end":{"line":37,"column":44}},"loc":{"start":{"line":37,"column":53},"end":{"line":37,"column":74}},"line":37},"4":{"name":"(anonymous_4)","decl":{"start":{"line":68,"column":21},"end":{"line":68,"column":22}},"loc":{"start":{"line":68,"column":27},"end":{"line":68,"column":55}},"line":68},"5":{"name":"(anonymous_5)","decl":{"start":{"line":101,"column":38},"end":{"line":101,"column":39}},"loc":{"start":{"line":102,"column":14},"end":{"line":104,"column":19}},"line":102}},"branchMap":{"0":{"loc":{"start":{"line":20,"column":4},"end":{"line":20,"column":26}},"type":"if","locations":[{"start":{"line":20,"column":4},"end":{"line":20,"column":26}},{"start":{},"end":{}}],"line":20},"1":{"loc":{"start":{"line":22,"column":4},"end":{"line":31,"column":5}},"type":"if","locations":[{"start":{"line":22,"column":4},"end":{"line":31,"column":5}},{"start":{"line":29,"column":11},"end":{"line":31,"column":5}}],"line":22},"2":{"loc":{"start":{"line":35,"column":4},"end":{"line":35,"column":24}},"type":"if","locations":[{"start":{"line":35,"column":4},"end":{"line":35,"column":24}},{"start":{},"end":{}}],"line":35},"3":{"loc":{"start":{"line":61,"column":13},"end":{"line":63,"column":55}},"type":"cond-expr","locations":[{"start":{"line":62,"column":16},"end":{"line":62,"column":52}},{"start":{"line":63,"column":16},"end":{"line":63,"column":55}}],"line":61},"4":{"loc":{"start":{"line":70,"column":14},"end":{"line":72,"column":91}},"type":"cond-expr","locations":[{"start":{"line":71,"column":18},"end":{"line":71,"column":106}},{"start":{"line":72,"column":18},"end":{"line":72,"column":91}}],"line":70},"5":{"loc":{"start":{"line":75,"column":13},"end":{"line":77,"column":37}},"type":"cond-expr","locations":[{"start":{"line":76,"column":16},"end":{"line":76,"column":42}},{"start":{"line":77,"column":16},"end":{"line":77,"column":37}}],"line":75}},"s":{"0":0,"1":0,"2":0,"3":0,"4":0,"5":0,"6":0,"7":0,"8":0,"9":0,"10":0,"11":0,"12":0,"13":0,"14":0,"15":0,"16":0,"17":0,"18":0,"19":0,"20":0,"21":0},"f":{"0":0,"1":0,"2":0,"3":0,"4":0,"5":0},"b":{"0":[0,0],"1":[0,0],"2":[0,0],"3":[0,0],"4":[0,0],"5":[0,0]}}
,"D:\\Development\\Events\\GDG\\Dev_Fest\\Charla\\ci-cd-example\\src\\components\\templates\\Home.tsx": {"path":"D:\\Development\\Events\\GDG\\Dev_Fest\\Charla\\ci-cd-example\\src\\components\\templates\\Home.tsx","statementMap":{"0":{"start":{"line":12,"column":34},"end":{"line":39,"column":1}},"1":{"start":{"line":13,"column":2},"end":{"line":38,"column":4}},"2":{"start":{"line":33,"column":12},"end":{"line":33,"column":58}}},"fnMap":{"0":{"name":"(anonymous_0)","decl":{"start":{"line":12,"column":34},"end":{"line":12,"column":35}},"loc":{"start":{"line":12,"column":67},"end":{"line":39,"column":1}},"line":12},"1":{"name":"(anonymous_1)","decl":{"start":{"line":32,"column":23},"end":{"line":32,"column":24}},"loc":{"start":{"line":33,"column":12},"end":{"line":33,"column":58}},"line":33}},"branchMap":{"0":{"loc":{"start":{"line":15,"column":7},"end":{"line":22,"column":14}},"type":"cond-expr","locations":[{"start":{"line":16,"column":8},"end":{"line":21,"column":14}},{"start":{"line":22,"column":10},"end":{"line":22,"column":14}}],"line":15},"1":{"loc":{"start":{"line":15,"column":7},"end":{"line":15,"column":49}},"type":"binary-expr","locations":[{"start":{"line":15,"column":7},"end":{"line":15,"column":15}},{"start":{"line":15,"column":19},"end":{"line":15,"column":25}},{"start":{"line":15,"column":29},"end":{"line":15,"column":49}}],"line":15},"2":{"loc":{"start":{"line":24,"column":7},"end":{"line":28,"column":7}},"type":"binary-expr","locations":[{"start":{"line":24,"column":7},"end":{"line":24,"column":14}},{"start":{"line":25,"column":8},"end":{"line":27,"column":12}}],"line":24},"3":{"loc":{"start":{"line":26,"column":11},"end":{"line":26,"column":39}},"type":"cond-expr","locations":[{"start":{"line":26,"column":19},"end":{"line":26,"column":24}},{"start":{"line":26,"column":27},"end":{"line":26,"column":39}}],"line":26},"4":{"loc":{"start":{"line":30,"column":7},"end":{"line":36,"column":7}},"type":"binary-expr","locations":[{"start":{"line":30,"column":7},"end":{"line":30,"column":15}},{"start":{"line":30,"column":19},"end":{"line":30,"column":25}},{"start":{"line":30,"column":29},"end":{"line":30,"column":47}},{"start":{"line":31,"column":8},"end":{"line":35,"column":14}}],"line":30}},"s":{"0":0,"1":0,"2":0},"f":{"0":0,"1":0},"b":{"0":[0,0],"1":[0,0,0],"2":[0,0],"3":[0,0],"4":[0,0,0,0]}}
,"D:\\Development\\Events\\GDG\\Dev_Fest\\Charla\\ci-cd-example\\src\\hooks\\useRecipe.ts": {"path":"D:\\Development\\Events\\GDG\\Dev_Fest\\Charla\\ci-cd-example\\src\\hooks\\useRecipe.ts","statementMap":{"0":{"start":{"line":10,"column":25},"end":{"line":36,"column":1}},"1":{"start":{"line":11,"column":26},"end":{"line":11,"column":63}},"2":{"start":{"line":12,"column":32},"end":{"line":12,"column":55}},"3":{"start":{"line":13,"column":28},"end":{"line":13,"column":48}},"4":{"start":{"line":15,"column":2},"end":{"line":33,"column":9}},"5":{"start":{"line":16,"column":30},"end":{"line":30,"column":5}},"6":{"start":{"line":17,"column":6},"end":{"line":29,"column":7}},"7":{"start":{"line":18,"column":20},"end":{"line":18,"column":89}},"8":{"start":{"line":20,"column":8},"end":{"line":22,"column":9}},"9":{"start":{"line":21,"column":10},"end":{"line":21,"column":75}},"10":{"start":{"line":24,"column":21},"end":{"line":24,"column":37}},"11":{"start":{"line":25,"column":8},"end":{"line":25,"column":36}},"12":{"start":{"line":26,"column":8},"end":{"line":26,"column":26}},"13":{"start":{"line":28,"column":8},"end":{"line":28,"column":30}},"14":{"start":{"line":32,"column":4},"end":{"line":32,"column":24}},"15":{"start":{"line":35,"column":2},"end":{"line":35,"column":34}}},"fnMap":{"0":{"name":"(anonymous_0)","decl":{"start":{"line":10,"column":25},"end":{"line":10,"column":26}},"loc":{"start":{"line":10,"column":58},"end":{"line":36,"column":1}},"line":10},"1":{"name":"(anonymous_1)","decl":{"start":{"line":15,"column":12},"end":{"line":15,"column":13}},"loc":{"start":{"line":15,"column":18},"end":{"line":33,"column":3}},"line":15},"2":{"name":"(anonymous_2)","decl":{"start":{"line":16,"column":30},"end":{"line":16,"column":31}},"loc":{"start":{"line":16,"column":42},"end":{"line":30,"column":5}},"line":16}},"branchMap":{"0":{"loc":{"start":{"line":20,"column":8},"end":{"line":22,"column":9}},"type":"if","locations":[{"start":{"line":20,"column":8},"end":{"line":22,"column":9}},{"start":{},"end":{}}],"line":20}},"s":{"0":0,"1":0,"2":0,"3":0,"4":0,"5":0,"6":0,"7":0,"8":0,"9":0,"10":0,"11":0,"12":0,"13":0,"14":0,"15":0},"f":{"0":0,"1":0,"2":0},"b":{"0":[0,0]}}
,"D:\\Development\\Events\\GDG\\Dev_Fest\\Charla\\ci-cd-example\\src\\types\\Ingredient.ts": {"path":"D:\\Development\\Events\\GDG\\Dev_Fest\\Charla\\ci-cd-example\\src\\types\\Ingredient.ts","statementMap":{},"fnMap":{},"branchMap":{},"s":{},"f":{},"b":{}}
,"D:\\Development\\Events\\GDG\\Dev_Fest\\Charla\\ci-cd-example\\src\\types\\RecipeCardType.ts": {"path":"D:\\Development\\Events\\GDG\\Dev_Fest\\Charla\\ci-cd-example\\src\\types\\RecipeCardType.ts","statementMap":{},"fnMap":{},"branchMap":{},"s":{},"f":{},"b":{}}
,"D:\\Development\\Events\\GDG\\Dev_Fest\\Charla\\ci-cd-example\\src\\types\\RecipePageType.ts": {"path":"D:\\Development\\Events\\GDG\\Dev_Fest\\Charla\\ci-cd-example\\src\\types\\RecipePageType.ts","statementMap":{},"fnMap":{},"branchMap":{},"s":{},"f":{},"b":{}}
}
