TN:
SF:src\App.tsx
FN:10,App
FN:15,(anonymous_1)
FN:24,(anonymous_2)
FN:28,(anonymous_3)
FN:39,(anonymous_4)
FN:61,(anonymous_5)
FN:63,(anonymous_6)
FN:64,(anonymous_7)
FN:72,(anonymous_8)
FN:74,(anonymous_9)
FN:79,(anonymous_10)
FNF:11
FNH:0
FNDA:0,App
FNDA:0,(anonymous_1)
FNDA:0,(anonymous_2)
FNDA:0,(anonymous_3)
FNDA:0,(anonymous_4)
FNDA:0,(anonymous_5)
FNDA:0,(anonymous_6)
FNDA:0,(anonymous_7)
FNDA:0,(anonymous_8)
FNDA:0,(anonymous_9)
FNDA:0,(anonymous_10)
DA:11,0
DA:12,0
DA:13,0
DA:15,0
DA:16,0
DA:17,0
DA:20,0
DA:21,0
DA:22,0
DA:24,0
DA:25,0
DA:28,0
DA:29,0
DA:31,0
DA:33,0
DA:34,0
DA:35,0
DA:36,0
DA:39,0
DA:40,0
DA:41,0
DA:42,0
DA:44,0
DA:45,0
DA:48,0
DA:50,0
DA:51,0
DA:54,0
DA:55,0
DA:57,0
DA:61,0
DA:62,0
DA:63,0
DA:65,0
DA:66,0
DA:69,0
DA:72,0
DA:73,0
DA:74,0
DA:76,0
DA:77,0
DA:79,0
DA:80,0
DA:84,0
LF:44
LH:0
BRDA:17,0,0,0
BRDA:17,0,1,0
BRDA:44,1,0,0
BRDA:44,1,1,0
BRDA:50,2,0,0
BRDA:50,2,1,0
BRDA:73,3,0,0
BRDA:73,3,1,0
BRDA:76,4,0,0
BRDA:76,4,1,0
BRF:10
BRH:0
end_of_record
TN:
SF:src\setupTests.ts
FNF:0
FNH:0
LF:0
LH:0
BRF:0
BRH:0
end_of_record
TN:
SF:src\components\molecules\FryingPan.tsx
FN:3,(anonymous_0)
FNF:1
FNH:0
FNDA:0,(anonymous_0)
DA:3,0
DA:4,0
LF:2
LH:0
BRF:0
BRH:0
end_of_record
TN:
SF:src\components\organisms\Favorites.tsx
FN:9,(anonymous_0)
FN:22,(anonymous_1)
FNF:2
FNH:0
FNDA:0,(anonymous_0)
FNDA:0,(anonymous_1)
DA:9,0
DA:10,0
DA:23,0
LF:3
LH:0
BRDA:12,0,0,0
BRDA:12,0,1,0
BRF:2
BRH:0
end_of_record
TN:
SF:src\components\organisms\Footer.tsx
FN:3,Footer
FNF:1
FNH:0
FNDA:0,Footer
DA:4,0
LF:1
LH:0
BRF:0
BRH:0
end_of_record
TN:
SF:src\components\organisms\Navbar.tsx
FN:13,(anonymous_0)
FN:20,(anonymous_1)
FN:40,(anonymous_2)
FNF:3
FNH:0
FNDA:0,(anonymous_0)
FNDA:0,(anonymous_1)
FNDA:0,(anonymous_2)
DA:13,0
DA:20,0
DA:21,0
DA:26,0
DA:40,0
LF:5
LH:0
BRDA:22,0,0,0
BRDA:22,0,1,0
BRF:2
BRH:0
end_of_record
TN:
SF:src\components\organisms\RecipeCard.tsx
FN:8,(anonymous_0)
FNF:1
FNH:0
FNDA:0,(anonymous_0)
DA:8,0
DA:9,0
LF:2
LH:0
BRF:0
BRH:0
end_of_record
TN:
SF:src\components\organisms\RecipePage.tsx
FN:13,(anonymous_0)
FN:19,(anonymous_1)
FN:34,(anonymous_2)
FN:37,(anonymous_3)
FN:68,(anonymous_4)
FN:101,(anonymous_5)
FNF:6
FNH:0
FNDA:0,(anonymous_0)
FNDA:0,(anonymous_1)
FNDA:0,(anonymous_2)
FNDA:0,(anonymous_3)
FNDA:0,(anonymous_4)
FNDA:0,(anonymous_5)
DA:13,0
DA:14,0
DA:15,0
DA:17,0
DA:19,0
DA:20,0
DA:22,0
DA:23,0
DA:24,0
DA:25,0
DA:26,0
DA:28,0
DA:30,0
DA:34,0
DA:35,0
DA:37,0
DA:40,0
DA:68,0
DA:102,0
LF:19
LH:0
BRDA:20,0,0,0
BRDA:20,0,1,0
BRDA:22,1,0,0
BRDA:22,1,1,0
BRDA:35,2,0,0
BRDA:35,2,1,0
BRDA:61,3,0,0
BRDA:61,3,1,0
BRDA:70,4,0,0
BRDA:70,4,1,0
BRDA:75,5,0,0
BRDA:75,5,1,0
BRF:12
BRH:0
end_of_record
TN:
SF:src\components\templates\Home.tsx
FN:12,(anonymous_0)
FN:32,(anonymous_1)
FNF:2
FNH:0
FNDA:0,(anonymous_0)
FNDA:0,(anonymous_1)
DA:12,0
DA:13,0
DA:33,0
LF:3
LH:0
BRDA:15,0,0,0
BRDA:15,0,1,0
BRDA:15,1,0,0
BRDA:15,1,1,0
BRDA:15,1,2,0
BRDA:24,2,0,0
BRDA:24,2,1,0
BRDA:26,3,0,0
BRDA:26,3,1,0
BRDA:30,4,0,0
BRDA:30,4,1,0
BRDA:30,4,2,0
BRDA:30,4,3,0
BRF:13
BRH:0
end_of_record
TN:
SF:src\hooks\useRecipe.ts
FN:10,(anonymous_0)
FN:15,(anonymous_1)
FN:16,(anonymous_2)
FNF:3
FNH:0
FNDA:0,(anonymous_0)
FNDA:0,(anonymous_1)
FNDA:0,(anonymous_2)
DA:10,0
DA:11,0
DA:12,0
DA:13,0
DA:15,0
DA:16,0
DA:17,0
DA:18,0
DA:20,0
DA:21,0
DA:24,0
DA:25,0
DA:26,0
DA:28,0
DA:32,0
DA:35,0
LF:16
LH:0
BRDA:20,0,0,0
BRDA:20,0,1,0
BRF:2
BRH:0
end_of_record
TN:
SF:src\types\Ingredient.ts
FNF:0
FNH:0
LF:0
LH:0
BRF:0
BRH:0
end_of_record
TN:
SF:src\types\RecipeCardType.ts
FNF:0
FNH:0
LF:0
LH:0
BRF:0
BRH:0
end_of_record
TN:
SF:src\types\RecipePageType.ts
FNF:0
FNH:0
LF:0
LH:0
BRF:0
BRH:0
end_of_record
